{"content": {"suites": {"0": {"status": {"total_pass": 5, "total_skip": 0, "total_xpass": 0, "total_xfail": 0, "total_rerun": 0, "total_fail": 2, "total_error": 0}, "tests": {"0": {"status": "PASS", "message": "", "test_name": "test_getbreeds", "rerun": "0"}, "1": {"status": "FAIL", "message": "   TypeError: test_getbreeds() missing 1 required positional argument: 'my_setup'\n", "test_name": "test_post_vote", "rerun": "0"}, "2": {"status": "PASS", "message": "", "test_name": "test_get_votes", "rerun": "0"}, "3": {"status": "PASS", "message": "", "test_name": "test_get_specific_vote", "rerun": "0"}, "4": {"status": "PASS", "message": "", "test_name": "test_delete_votes", "rerun": "0"}, "5": {"status": "PASS", "message": "", "test_name": "test_getrequest", "rerun": "0"}, "6": {"status": "FAIL", "message": "   AssertionError: Expected status code is 200 but actual status code is 404\n   assert 404 == 200\n     +404\n     -200\n", "test_name": "test_postrequest", "rerun": "0"}}, "suite_name": "test/test_catrequests.py"}, "1": {"suite_name": "test/test_requests.py", "tests": {"0": {"status": "PASS", "message": "", "test_name": "test_getrequest", "rerun": "0"}, "1": {"status": "FAIL", "message": "   AssertionError: Expected status code is 200 but actual status code is 404\n   assert 404 == 200\n     +404\n     -200\n", "test_name": "test_postrequest", "rerun": "0"}}, "status": {"total_pass": 1, "total_skip": 0, "total_xpass": 0, "total_xfail": 0, "total_rerun": 0, "total_fail": 1, "total_error": 0}}}}, "date": "August 09, 2021", "start_time": 1628503650.8513663, "total_suite": 2, "status": "FAIL", "status_list": {"pass": "6", "fail": "3", "skip": "0", "error": "0", "xpass": "0", "xfail": "0", "rerun": "0"}, "total_tests": "9"}